Removed Pin From Net: NetName=VCCD Pin=P1-1
Removed Pin From Net: NetName=VCCBAT Pin=P1-2
Removed Pin From Net: NetName=MISO Pin=P4-1
Removed Pin From Net: NetName=VCC3.3 Pin=P4-2
Removed Pin From Net: NetName=SCK Pin=P4-3
Removed Pin From Net: NetName=MOSI Pin=P4-4
Removed Pin From Net: NetName=D/C Pin=P4-5
Removed Pin From Net: NetName=RST Pin=P4-6
Removed Pin From Net: NetName=CS Pin=P4-7
Added Pin To Net: NetName=VCCBAT Pin=P1-1
Added Pin To Net: NetName=GND Pin=P1-2
Added Pin To Net: NetName=VCCD Pin=P2-1
Added Pin To Net: NetName=VCCBAT Pin=P2-2
Added Pin To Net: NetName=VCC3.3 Pin=P4-1
Added Pin To Net: NetName=GND Pin=P4-2
Added Pin To Net: NetName=RESET Pin=P4-3
Added Pin To Net: NetName=DS-TX Pin=P4-6
Added Pin To Net: NetName=DS-RX Pin=P4-7
Added Pin To Net: NetName=MISO Pin=P5-1
Added Pin To Net: NetName=VCC3.3 Pin=P5-2
Added Pin To Net: NetName=SCK Pin=P5-3
Added Pin To Net: NetName=MOSI Pin=P5-4
Added Pin To Net: NetName=D/C Pin=P5-5
Added Pin To Net: NetName=RST Pin=P5-6
Added Pin To Net: NetName=CS Pin=P5-7
Added Pin To Net: NetName=GND Pin=P5-8
Added Pin To Net: NetName=VCC5 Pin=P5-9
Added Member To Class: ClassName=Îíö²¼ì²âÆ÷ Member=Component P2 µçÔ´¿ª¹Ø
Added Member To Class: ClassName=Îíö²¼ì²âÆ÷ Member=Component P5 LCD
