Removed Pin From Net: NetName=VCC5 Pin=P1-1
Removed Pin From Net: NetName=VCCBAT Pin=P1-2
Removed Pin From Net: NetName=VCCBAT Pin=P2-1
Removed Pin From Net: NetName=VCC3.3 Pin=P3-1
Removed Pin From Net: NetName=GND Pin=P3-2
Removed Pin From Net: NetName=RESET Pin=P3-3
Removed Pin From Net: NetName=DS-TX Pin=P3-6
Removed Pin From Net: NetName=DS-RX Pin=P3-7
Removed Pin From Net: NetName=MISO Pin=P4-1
Removed Pin From Net: NetName=VCC3.3 Pin=P4-2
Removed Pin From Net: NetName=SCK Pin=P4-3
Removed Pin From Net: NetName=MOSI Pin=P4-4
Removed Pin From Net: NetName=D/C Pin=P4-5
Removed Pin From Net: NetName=RST Pin=P4-6
Removed Pin From Net: NetName=CS Pin=P4-7
Removed Pin From Net: NetName=GND Pin=P4-8
Removed Pin From Net: NetName=VCC5 Pin=P4-9
Removed Pin From Net: NetName=VCC5 Pin=P6-1
Removed Pin From Net: NetName=VCCBAT Pin=U3-4
Change Component DesignItemId : Designator=P1 Old DesignItemId=Header 3 New DesignItemId=Header 4
Change Component DesignItemId : Designator=P4 Old DesignItemId=Header 9 New DesignItemId=Header 7
Change Component Footprint: Designator=P1 Old Footprint=HDR1X3 New Footprint=DC-DC升压模块
Change Component Footprint: Designator=P4 Old Footprint=HDR1X9 New Footprint=HDR1X7
Change Component Comment : Designator=P4 Old Comment=LCD New Comment=DS-HCHO
Change Component Comment : Designator=P1 Old Comment=电源开关 New Comment=升压模块
Change Component Designator: OldDesignator=P2 NewDesignator=P3
Change Component Designator: OldDesignator=P5 NewDesignator=P6
Change Component Designator: OldDesignator=P6 NewDesignator=P7
Added Component: Designator=P2(拨动开关（2mm）)
Added Component: Designator=P5(HDR1X9)
Added Pin To Net: NetName=VCCBAT Pin=P1-1
Added Pin To Net: NetName=GND Pin=P1-2
Added Pin To Net: NetName=VCC5 Pin=P1-3
Added Pin To Net: NetName=GND Pin=P1-4
Added Pin To Net: NetName=VCCBAT Pin=P1-2
Added Pin To Net: NetName=VCC3.3 Pin=P4-1
Added Pin To Net: NetName=GND Pin=P4-2
Added Pin To Net: NetName=RESET Pin=P4-3
Added Pin To Net: NetName=DS-TX Pin=P4-6
Added Pin To Net: NetName=DS-RX Pin=P4-7
Added Pin To Net: NetName=MISO Pin=P4-1
Added Pin To Net: NetName=VCC3.3 Pin=P4-2
Added Pin To Net: NetName=SCK Pin=P4-3
Added Pin To Net: NetName=MOSI Pin=P4-4
Added Pin To Net: NetName=D/C Pin=P4-5
Added Pin To Net: NetName=RST Pin=P4-6
Added Pin To Net: NetName=CS Pin=P4-7
Added Pin To Net: NetName=VCC3.3 Pin=P7-1
Added Pin To Net: NetName=VCCD Pin=P1-1
Added Pin To Net: NetName=VCCD Pin=P3-1
Added Pin To Net: NetName=VCCD Pin=U3-4
Added Net: Name=VCCD
Added Member To Class: ClassName=雾霾检测器 Member=Component P7 雾霾传感器接口
